  CArbreBinaire.cpp
D:\Louna\Documents\Polytech\Semestre 6\PROJ631\PROJ631\Projet2_Huffman\CListeOccurence.h(31,27): error C2061: erreur de syntaxe : identificateur 'CArbreBinaire'
  (compiler le fichier source 'CArbreBinaire.cpp')
  
  CListeOccurence.cpp
D:\Louna\Documents\Polytech\Semestre 6\PROJ631\PROJ631\Projet2_Huffman\CArbreBinaire.h(39,20): error C2061: erreur de syntaxe : identificateur 'CListeOccurence'
  (compiler le fichier source 'CListeOccurence.cpp')
  
D:\Louna\Documents\Polytech\Semestre 6\PROJ631\PROJ631\Projet2_Huffman\CArbreBinaire.h(40,20): error C2061: erreur de syntaxe : identificateur 'CListeOccurence'
  (compiler le fichier source 'CListeOccurence.cpp')
  
D:\Louna\Documents\Polytech\Semestre 6\PROJ631\PROJ631\Projet2_Huffman\CArbreBinaire.h(40,8): error C2535: 'void CArbreBinaire::creer_arbre(void)' : fonction membre déjà définie ou déclarée
  (compiler le fichier source 'CListeOccurence.cpp')
  D:\Louna\Documents\Polytech\Semestre 6\PROJ631\PROJ631\Projet2_Huffman\CArbreBinaire.h(39,8):
  voir la déclaration de 'CArbreBinaire::creer_arbre'
  
  main.cpp
D:\Louna\Documents\Polytech\Semestre 6\PROJ631\PROJ631\Projet2_Huffman\CArbreBinaire.h(39,20): error C2061: erreur de syntaxe : identificateur 'CListeOccurence'
  (compiler le fichier source 'main.cpp')
  
D:\Louna\Documents\Polytech\Semestre 6\PROJ631\PROJ631\Projet2_Huffman\CArbreBinaire.h(40,20): error C2061: erreur de syntaxe : identificateur 'CListeOccurence'
  (compiler le fichier source 'main.cpp')
  
D:\Louna\Documents\Polytech\Semestre 6\PROJ631\PROJ631\Projet2_Huffman\CArbreBinaire.h(40,8): error C2535: 'void CArbreBinaire::creer_arbre(void)' : fonction membre déjà définie ou déclarée
  (compiler le fichier source 'main.cpp')
  D:\Louna\Documents\Polytech\Semestre 6\PROJ631\PROJ631\Projet2_Huffman\CArbreBinaire.h(39,8):
  voir la déclaration de 'CArbreBinaire::creer_arbre'
  
D:\Louna\Documents\Polytech\Semestre 6\PROJ631\PROJ631\Projet2_Huffman\main.cpp(40,7): error C2660: 'CArbreBinaire::creer_arbre' : la fonction ne prend pas 1 arguments
  D:\Louna\Documents\Polytech\Semestre 6\PROJ631\PROJ631\Projet2_Huffman\CArbreBinaire.h(39,8):
  voir la déclaration de 'CArbreBinaire::creer_arbre'
  D:\Louna\Documents\Polytech\Semestre 6\PROJ631\PROJ631\Projet2_Huffman\main.cpp(40,7):
  lors de la tentative de mise en correspondance de la liste des arguments '(CListeOccurence)'
  
  Génération de code en cours...
